c:\users\sam\src\cmp301_lab08-goopey7\e8_tessellation\lib\debug\dxframework.pdb
c:\users\sam\src\cmp301_lab08-goopey7\e8_tessellation\lib\debug\dxframework.idb
c:\users\sam\src\cmp301_lab08-goopey7\e8_tessellation\dxframework\x64\debug\quadmesh.obj
c:\users\sam\src\cmp301_lab08-goopey7\e8_tessellation\dxframework\x64\debug\pointmesh.obj
c:\users\sam\src\cmp301_lab08-goopey7\e8_tessellation\dxframework\x64\debug\planemesh.obj
c:\users\sam\src\cmp301_lab08-goopey7\e8_tessellation\dxframework\x64\debug\orthomesh.obj
c:\users\sam\src\cmp301_lab08-goopey7\e8_tessellation\dxframework\x64\debug\model.obj
c:\users\sam\src\cmp301_lab08-goopey7\e8_tessellation\dxframework\x64\debug\light.obj
c:\users\sam\src\cmp301_lab08-goopey7\e8_tessellation\dxframework\x64\debug\input.obj
c:\users\sam\src\cmp301_lab08-goopey7\e8_tessellation\dxframework\x64\debug\fpcamera.obj
c:\users\sam\src\cmp301_lab08-goopey7\e8_tessellation\dxframework\x64\debug\d3d.obj
c:\users\sam\src\cmp301_lab08-goopey7\e8_tessellation\dxframework\x64\debug\cubemesh.obj
c:\users\sam\src\cmp301_lab08-goopey7\e8_tessellation\dxframework\x64\debug\camera.obj
c:\users\sam\src\cmp301_lab08-goopey7\e8_tessellation\dxframework\x64\debug\baseshader.obj
c:\users\sam\src\cmp301_lab08-goopey7\e8_tessellation\dxframework\x64\debug\basemesh.obj
c:\users\sam\src\cmp301_lab08-goopey7\e8_tessellation\dxframework\x64\debug\baseapplication.obj
c:\users\sam\src\cmp301_lab08-goopey7\e8_tessellation\dxframework\x64\debug\amodel.obj
c:\users\sam\src\cmp301_lab08-goopey7\e8_tessellation\dxframework\x64\debug\imgui_impl_win32.obj
c:\users\sam\src\cmp301_lab08-goopey7\e8_tessellation\dxframework\x64\debug\imgui_impl_dx11.obj
c:\users\sam\src\cmp301_lab08-goopey7\e8_tessellation\dxframework\x64\debug\imgui_draw.obj
c:\users\sam\src\cmp301_lab08-goopey7\e8_tessellation\dxframework\x64\debug\imgui_demo.obj
c:\users\sam\src\cmp301_lab08-goopey7\e8_tessellation\dxframework\x64\debug\imgui.obj
c:\users\sam\src\cmp301_lab08-goopey7\e8_tessellation\dxframework\x64\debug\trianglemesh.obj
c:\users\sam\src\cmp301_lab08-goopey7\e8_tessellation\dxframework\x64\debug\tokenstream.obj
c:\users\sam\src\cmp301_lab08-goopey7\e8_tessellation\dxframework\x64\debug\timer.obj
c:\users\sam\src\cmp301_lab08-goopey7\e8_tessellation\dxframework\x64\debug\texturemanager.obj
c:\users\sam\src\cmp301_lab08-goopey7\e8_tessellation\dxframework\x64\debug\tessellationmesh.obj
c:\users\sam\src\cmp301_lab08-goopey7\e8_tessellation\dxframework\x64\debug\system.obj
c:\users\sam\src\cmp301_lab08-goopey7\e8_tessellation\dxframework\x64\debug\spheremesh.obj
c:\users\sam\src\cmp301_lab08-goopey7\e8_tessellation\dxframework\x64\debug\shadowmap.obj
c:\users\sam\src\cmp301_lab08-goopey7\e8_tessellation\dxframework\x64\debug\rendertexture.obj
c:\users\sam\src\cmp301_lab08-goopey7\e8_tessellation\lib\debug\dxframework.lib
c:\users\sam\src\cmp301_coursework\coursework\dxframework\x64\debug\amodel.obj
c:\users\sam\src\cmp301_coursework\coursework\dxframework\x64\debug\baseapplication.obj
c:\users\sam\src\cmp301_coursework\coursework\dxframework\x64\debug\basemesh.obj
c:\users\sam\src\cmp301_coursework\coursework\dxframework\x64\debug\baseshader.obj
c:\users\sam\src\cmp301_coursework\coursework\dxframework\x64\debug\camera.obj
c:\users\sam\src\cmp301_coursework\coursework\dxframework\x64\debug\cubemesh.obj
c:\users\sam\src\cmp301_coursework\coursework\dxframework\x64\debug\d3d.obj
c:\users\sam\src\cmp301_coursework\coursework\dxframework\x64\debug\fpcamera.obj
c:\users\sam\src\cmp301_coursework\coursework\dxframework\x64\debug\imgui.obj
c:\users\sam\src\cmp301_coursework\coursework\dxframework\x64\debug\imgui_demo.obj
c:\users\sam\src\cmp301_coursework\coursework\dxframework\x64\debug\imgui_draw.obj
c:\users\sam\src\cmp301_coursework\coursework\dxframework\x64\debug\imgui_impl_dx11.obj
c:\users\sam\src\cmp301_coursework\coursework\dxframework\x64\debug\imgui_impl_win32.obj
c:\users\sam\src\cmp301_coursework\coursework\dxframework\x64\debug\input.obj
c:\users\sam\src\cmp301_coursework\coursework\dxframework\x64\debug\light.obj
c:\users\sam\src\cmp301_coursework\coursework\dxframework\x64\debug\model.obj
c:\users\sam\src\cmp301_coursework\coursework\dxframework\x64\debug\orthomesh.obj
c:\users\sam\src\cmp301_coursework\coursework\dxframework\x64\debug\planemesh.obj
c:\users\sam\src\cmp301_coursework\coursework\dxframework\x64\debug\pointmesh.obj
c:\users\sam\src\cmp301_coursework\coursework\dxframework\x64\debug\quadmesh.obj
c:\users\sam\src\cmp301_coursework\coursework\dxframework\x64\debug\rendertexture.obj
c:\users\sam\src\cmp301_coursework\coursework\dxframework\x64\debug\shadowmap.obj
c:\users\sam\src\cmp301_coursework\coursework\dxframework\x64\debug\spheremesh.obj
c:\users\sam\src\cmp301_coursework\coursework\dxframework\x64\debug\system.obj
c:\users\sam\src\cmp301_coursework\coursework\dxframework\x64\debug\tessellationmesh.obj
c:\users\sam\src\cmp301_coursework\coursework\dxframework\x64\debug\texturemanager.obj
c:\users\sam\src\cmp301_coursework\coursework\dxframework\x64\debug\timer.obj
c:\users\sam\src\cmp301_coursework\coursework\dxframework\x64\debug\tokenstream.obj
c:\users\sam\src\cmp301_coursework\coursework\dxframework\x64\debug\trianglemesh.obj
c:\users\sam\src\cmp301_coursework\coursework\lib\debug\dxframework.pdb
c:\users\sam\src\cmp301_coursework\coursework\lib\debug\dxframework.lib
c:\users\sam\src\cmp301_coursework\coursework\dxframework\x64\debug\dxframework.tlog\cl.command.1.tlog
c:\users\sam\src\cmp301_coursework\coursework\dxframework\x64\debug\dxframework.tlog\cl.items.tlog
c:\users\sam\src\cmp301_coursework\coursework\dxframework\x64\debug\dxframework.tlog\cl.read.1.tlog
c:\users\sam\src\cmp301_coursework\coursework\dxframework\x64\debug\dxframework.tlog\cl.write.1.tlog
c:\users\sam\src\cmp301_coursework\coursework\dxframework\x64\debug\dxframework.tlog\lib-link.read.1.tlog
c:\users\sam\src\cmp301_coursework\coursework\dxframework\x64\debug\dxframework.tlog\lib-link.write.1.tlog
c:\users\sam\src\cmp301_coursework\coursework\dxframework\x64\debug\dxframework.tlog\lib.command.1.tlog
